<?xml version="1.0" encoding="UTF-8"?>
<testng-results skipped="0" failed="0" ignored="0" total="1" passed="1">
  <reporter-output>
  </reporter-output>
  <suite name="Default suite" duration-ms="41805" started-at="2022-01-05T12:53:08Z" finished-at="2022-01-05T12:53:50Z">
    <groups>
    </groups>
    <test name="Default test" duration-ms="41805" started-at="2022-01-05T12:53:08Z" finished-at="2022-01-05T12:53:50Z">
      <class name="org.sample.Final">
        <test-method status="PASS" signature="beforeClass()[pri:0, instance:org.sample.Final@7b98f307]" name="beforeClass" is-config="true" duration-ms="14621" started-at="2022-01-05T12:53:08Z" finished-at="2022-01-05T12:53:22Z">
          <reporter-output>
          </reporter-output>
        </test-method> <!-- beforeClass -->
        <test-method status="PASS" signature="runUrl()[pri:0, instance:org.sample.Final@7b98f307]" name="runUrl" duration-ms="27033" started-at="2022-01-05T12:53:23Z" finished-at="2022-01-05T12:53:50Z">
          <reporter-output>
          </reporter-output>
        </test-method> <!-- runUrl -->
        <test-method status="PASS" signature="afterClass()[pri:0, instance:org.sample.Final@7b98f307]" name="afterClass" is-config="true" duration-ms="2" started-at="2022-01-05T12:53:50Z" finished-at="2022-01-05T12:53:50Z">
          <reporter-output>
          </reporter-output>
        </test-method> <!-- afterClass -->
      </class> <!-- org.sample.Final -->
    </test> <!-- Default test -->
  </suite> <!-- Default suite -->
</testng-results>
